
> @hi-design/react-demo@0.0.1 build /Users/choiho/coding/hi-design-system/apps/react-demo
> tsc && vite build

vite v5.4.21 building for production...
transforming...
✓ 97 modules transformed.
rendering chunks...
[plugin:vite:reporter] [plugin vite:reporter] 
(!) /Users/choiho/coding/hi-design-system/packages/react/src/index.ts is dynamically imported by /Users/choiho/coding/hi-design-system/apps/react-demo/src/App.tsx, /Users/choiho/coding/hi-design-system/apps/react-demo/src/App.tsx but also statically imported by /Users/choiho/coding/hi-design-system/apps/react-demo/src/App.tsx, /Users/choiho/coding/hi-design-system/apps/react-demo/src/components/ButtonsSection.tsx, /Users/choiho/coding/hi-design-system/apps/react-demo/src/components/CardsSection.tsx, /Users/choiho/coding/hi-design-system/apps/react-demo/src/components/IconsSection.tsx, /Users/choiho/coding/hi-design-system/apps/react-demo/src/components/InputsSection.tsx, /Users/choiho/coding/hi-design-system/apps/react-demo/src/components/ModalsSection.tsx, /Users/choiho/coding/hi-design-system/apps/react-demo/src/components/ToastsSection.tsx, /Users/choiho/coding/hi-design-system/apps/react-demo/src/components/TypographySection.tsx, dynamic import will not move module into another chunk.

computing gzip size...
dist/index.html                              1.55 kB │ gzip:  0.92 kB
dist/assets/index-D2dYA1Fp.css              11.66 kB │ gzip:  2.85 kB
dist/assets/analytics-Dc6Ot3lb.js            0.51 kB │ gzip:  0.35 kB
dist/assets/ModalsSection-DDBk7CXo.js        0.64 kB │ gzip:  0.32 kB
dist/assets/TypographySection-BudDMFzO.js    0.86 kB │ gzip:  0.37 kB
dist/assets/ToastsSection-DDcGjT6R.js        0.88 kB │ gzip:  0.43 kB
dist/assets/InputsSection-Do5h8LPR.js        1.18 kB │ gzip:  0.42 kB
dist/assets/CardsSection-AhpdOnSP.js         1.43 kB │ gzip:  0.44 kB
dist/assets/ButtonsSection-BdOyi68G.js       1.68 kB │ gzip:  0.37 kB
dist/assets/IconsSection-Duy0tBxo.js        13.30 kB │ gzip:  3.93 kB
dist/assets/index-BfLmDliL.js              187.45 kB │ gzip: 58.48 kB
✓ built in 1.28s
